2024-07-28 15:10:46 | Level: INFO  | Thread: http-bio-8080-exec-4 | Source: DatabaseUtil.<init> | Message: Database connection established
2024-07-28 15:10:46 | Level: WARN  | Thread: http-bio-8080-exec-4 | Source: LoginServlet.doPost | Message: Invalid login attempt: flexibleoli.11@gmail.com
2024-07-28 15:10:56 | Level: INFO  | Thread: http-bio-8080-exec-6 | Source: DatabaseUtil.getConnection | Message: Database connection established
2024-07-28 15:10:56 | Level: ERROR | Thread: http-bio-8080-exec-6 | Source: EmployeeDAOImpl.addEmployee | Message: Error adding employee
java.sql.SQLIntegrityConstraintViolationException: Cannot add or update a child row: a foreign key constraint fails (`ems_schema`.`employee`, CONSTRAINT `employee_ibfk_1` FOREIGN KEY (`role_id`) REFERENCES `role` (`role_id`))
	at com.mysql.cj.jdbc.exceptions.SQLError.createSQLException(SQLError.java:118) ~[mysql-connector-j-8.0.33.jar:8.0.33]
	at com.mysql.cj.jdbc.exceptions.SQLExceptionsMapping.translateException(SQLExceptionsMapping.java:122) ~[mysql-connector-j-8.0.33.jar:8.0.33]
	at com.mysql.cj.jdbc.ClientPreparedStatement.executeInternal(ClientPreparedStatement.java:916) ~[mysql-connector-j-8.0.33.jar:8.0.33]
	at com.mysql.cj.jdbc.ClientPreparedStatement.executeUpdateInternal(ClientPreparedStatement.java:1061) ~[mysql-connector-j-8.0.33.jar:8.0.33]
	at com.mysql.cj.jdbc.ClientPreparedStatement.executeUpdateInternal(ClientPreparedStatement.java:1009) ~[mysql-connector-j-8.0.33.jar:8.0.33]
	at com.mysql.cj.jdbc.ClientPreparedStatement.executeLargeUpdate(ClientPreparedStatement.java:1320) ~[mysql-connector-j-8.0.33.jar:8.0.33]
	at com.mysql.cj.jdbc.ClientPreparedStatement.executeUpdate(ClientPreparedStatement.java:994) ~[mysql-connector-j-8.0.33.jar:8.0.33]
	at dao.EmployeeDAOImpl.addEmployee(EmployeeDAOImpl.java:30) ~[classes/:?]
	at controller.RegistrationServlet.doPost(RegistrationServlet.java:46) ~[classes/:?]
	at javax.servlet.http.HttpServlet.service(HttpServlet.java:647) ~[tomcat-embed-core-7.0.47.jar:7.0.47]
	at javax.servlet.http.HttpServlet.service(HttpServlet.java:728) ~[tomcat-embed-core-7.0.47.jar:7.0.47]
	at org.apache.catalina.core.ApplicationFilterChain.internalDoFilter(ApplicationFilterChain.java:305) ~[tomcat-embed-core-7.0.47.jar:7.0.47]
	at org.apache.catalina.core.ApplicationFilterChain.doFilter(ApplicationFilterChain.java:210) ~[tomcat-embed-core-7.0.47.jar:7.0.47]
	at org.apache.tomcat.websocket.server.WsFilter.doFilter(WsFilter.java:51) ~[tomcat-embed-core-7.0.47.jar:7.0.47]
	at org.apache.catalina.core.ApplicationFilterChain.internalDoFilter(ApplicationFilterChain.java:243) ~[tomcat-embed-core-7.0.47.jar:7.0.47]
	at org.apache.catalina.core.ApplicationFilterChain.doFilter(ApplicationFilterChain.java:210) ~[tomcat-embed-core-7.0.47.jar:7.0.47]
	at org.apache.catalina.core.StandardWrapperValve.invoke(StandardWrapperValve.java:222) ~[tomcat-embed-core-7.0.47.jar:7.0.47]
	at org.apache.catalina.core.StandardContextValve.invoke(StandardContextValve.java:123) ~[tomcat-embed-core-7.0.47.jar:7.0.47]
	at org.apache.catalina.authenticator.AuthenticatorBase.invoke(AuthenticatorBase.java:502) ~[tomcat-embed-core-7.0.47.jar:7.0.47]
	at org.apache.catalina.core.StandardHostValve.invoke(StandardHostValve.java:171) ~[tomcat-embed-core-7.0.47.jar:7.0.47]
	at org.apache.catalina.valves.ErrorReportValve.invoke(ErrorReportValve.java:100) ~[tomcat-embed-core-7.0.47.jar:7.0.47]
	at org.apache.catalina.valves.AccessLogValve.invoke(AccessLogValve.java:953) ~[tomcat-embed-core-7.0.47.jar:7.0.47]
	at org.apache.catalina.core.StandardEngineValve.invoke(StandardEngineValve.java:118) ~[tomcat-embed-core-7.0.47.jar:7.0.47]
	at org.apache.catalina.connector.CoyoteAdapter.service(CoyoteAdapter.java:408) ~[tomcat-embed-core-7.0.47.jar:7.0.47]
	at org.apache.coyote.http11.AbstractHttp11Processor.process(AbstractHttp11Processor.java:1041) ~[tomcat-embed-core-7.0.47.jar:7.0.47]
	at org.apache.coyote.AbstractProtocol$AbstractConnectionHandler.process(AbstractProtocol.java:603) ~[tomcat-embed-core-7.0.47.jar:7.0.47]
	at org.apache.tomcat.util.net.JIoEndpoint$SocketProcessor.run(JIoEndpoint.java:312) ~[tomcat-embed-core-7.0.47.jar:7.0.47]
	at java.base/java.util.concurrent.ThreadPoolExecutor.runWorker(ThreadPoolExecutor.java:1144) ~[?:?]
	at java.base/java.util.concurrent.ThreadPoolExecutor$Worker.run(ThreadPoolExecutor.java:642) ~[?:?]
	at java.base/java.lang.Thread.run(Thread.java:1583) [?:?]
2024-07-28 15:10:56 | Level: INFO  | Thread: http-bio-8080-exec-6 | Source: RegistrationServlet.doPost | Message: Employee registered: flexibleoli.11@gmail.com
2024-07-28 15:11:00 | Level: INFO  | Thread: http-bio-8080-exec-8 | Source: DatabaseUtil.getConnection | Message: Database connection established
2024-07-28 15:11:00 | Level: WARN  | Thread: http-bio-8080-exec-8 | Source: LoginServlet.doPost | Message: Invalid login attempt: flexibleoli.11@gmail.com
2024-07-28 15:18:29 | Level: INFO  | Thread: http-bio-8080-exec-1 | Source: DatabaseUtil.<init> | Message: Database connection established
2024-07-28 15:18:29 | Level: WARN  | Thread: http-bio-8080-exec-1 | Source: LoginServlet.doPost | Message: Invalid login attempt: flexibleoli.11@gmail.com
2024-07-28 15:18:34 | Level: INFO  | Thread: http-bio-8080-exec-2 | Source: DatabaseUtil.getConnection | Message: Database connection established
2024-07-28 15:18:34 | Level: WARN  | Thread: http-bio-8080-exec-2 | Source: LoginServlet.doPost | Message: Invalid login attempt: flexibleoli.11@gmail.com
2024-07-28 15:18:55 | Level: INFO  | Thread: http-bio-8080-exec-4 | Source: DatabaseUtil.getConnection | Message: Database connection established
2024-07-28 15:18:55 | Level: INFO  | Thread: http-bio-8080-exec-4 | Source: EmployeeDAOImpl.addEmployee | Message: Employee added: dto.EmployeeDTO@38f19ac3
2024-07-28 15:18:55 | Level: INFO  | Thread: http-bio-8080-exec-4 | Source: RegistrationServlet.doPost | Message: Employee registered: ABCA
2024-07-28 23:28:44 | Level: INFO  | Thread: http-bio-8080-exec-2 | Source: DatabaseUtil.<init> | Message: Database connection established
2024-07-28 23:28:44 | Level: WARN  | Thread: http-bio-8080-exec-2 | Source: LoginServlet.doPost | Message: Invalid login attempt: ABCA
2024-07-28 23:29:34 | Level: INFO  | Thread: http-bio-8080-exec-3 | Source: DatabaseUtil.getConnection | Message: Database connection established
2024-07-28 23:29:34 | Level: INFO  | Thread: http-bio-8080-exec-3 | Source: EmployeeDAOImpl.getEmployeeByUsernameAndPassword | Message: Employee retrieved: dto.EmployeeDTO@57659ae2
2024-07-28 23:29:34 | Level: INFO  | Thread: http-bio-8080-exec-3 | Source: LoginServlet.doPost | Message: Employee logged in: ABCA
2024-07-28 23:33:18 | Level: INFO  | Thread: http-bio-8080-exec-7 | Source: LogoutServlet.doPost | Message: Employee logged out: ABCA
2024-07-28 23:33:46 | Level: INFO  | Thread: http-bio-8080-exec-1 | Source: DatabaseUtil.getConnection | Message: Database connection established
2024-07-28 23:33:46 | Level: INFO  | Thread: http-bio-8080-exec-1 | Source: EmployeeDAOImpl.addEmployee | Message: Employee added: dto.EmployeeDTO@8586970
2024-07-28 23:33:46 | Level: INFO  | Thread: http-bio-8080-exec-1 | Source: RegistrationServlet.doPost | Message: Employee registered: employee
2024-07-28 23:33:57 | Level: INFO  | Thread: http-bio-8080-exec-4 | Source: DatabaseUtil.getConnection | Message: Database connection established
2024-07-28 23:33:57 | Level: INFO  | Thread: http-bio-8080-exec-4 | Source: EmployeeDAOImpl.getEmployeeByUsernameAndPassword | Message: Employee retrieved: dto.EmployeeDTO@3f14e12c
2024-07-28 23:33:57 | Level: INFO  | Thread: http-bio-8080-exec-4 | Source: LoginServlet.doPost | Message: Employee logged in: employee
2024-07-29 22:15:22 | Level: INFO  | Thread: http-bio-8080-exec-4 | Source: DatabaseUtil.<init> | Message: Database connection established
2024-07-29 22:15:22 | Level: INFO  | Thread: http-bio-8080-exec-4 | Source: EmployeeDAOImpl.getEmployeeByUsernameAndPassword | Message: Employee retrieved: dto.EmployeeDTO@69517bad
2024-07-29 22:15:22 | Level: INFO  | Thread: http-bio-8080-exec-4 | Source: LoginServlet.doPost | Message: Employee logged in: employee
2024-07-29 22:15:25 | Level: INFO  | Thread: http-bio-8080-exec-6 | Source: LogoutServlet.doPost | Message: Employee logged out: employee
2024-07-29 22:16:41 | Level: INFO  | Thread: http-bio-8080-exec-2 | Source: DatabaseUtil.getConnection | Message: Database connection established
2024-07-29 22:16:41 | Level: INFO  | Thread: http-bio-8080-exec-2 | Source: EmployeeDAOImpl.getEmployeeByUsernameAndPassword | Message: Employee retrieved: dto.EmployeeDTO@6e19e2f3
2024-07-29 22:16:41 | Level: INFO  | Thread: http-bio-8080-exec-2 | Source: LoginServlet.doPost | Message: Employee logged in: employee
2024-07-29 22:18:59 | Level: INFO  | Thread: http-bio-8080-exec-9 | Source: DatabaseUtil.getConnection | Message: Database connection established
2024-07-29 22:18:59 | Level: INFO  | Thread: http-bio-8080-exec-9 | Source: EmployeeDAOImpl.getEmployeeByUsernameAndPassword | Message: Employee retrieved: dto.EmployeeDTO@445f1e36
2024-07-29 22:18:59 | Level: INFO  | Thread: http-bio-8080-exec-9 | Source: LoginServlet.doPost | Message: Employee logged in: employee
2024-07-29 22:19:03 | Level: INFO  | Thread: http-bio-8080-exec-3 | Source: LogoutServlet.doPost | Message: Employee logged out: employee
2024-07-29 22:58:08 | Level: INFO  | Thread: http-bio-8080-exec-4 | Source: DatabaseUtil.getConnection | Message: Database connection established
2024-07-29 22:58:08 | Level: INFO  | Thread: http-bio-8080-exec-4 | Source: EmployeeDAOImpl.getEmployeeByUsernameAndPassword | Message: Employee retrieved: dto.EmployeeDTO@4b9d3e5d
2024-07-29 22:58:08 | Level: INFO  | Thread: http-bio-8080-exec-4 | Source: LoginServlet.doPost | Message: Employee logged in: ABCA
2024-07-29 23:36:32 | Level: INFO  | Thread: http-bio-8080-exec-3 | Source: DatabaseUtil.getConnection | Message: Database connection established
2024-07-29 23:36:32 | Level: INFO  | Thread: http-bio-8080-exec-3 | Source: EmployeeDAOImpl.getEmployeeByUsernameAndPassword | Message: Employee retrieved: dto.EmployeeDTO@32ea614a
2024-07-29 23:36:32 | Level: INFO  | Thread: http-bio-8080-exec-3 | Source: LoginServlet.doPost | Message: Employee logged in: ABCA
2024-07-30 01:05:57 | Level: INFO  | Thread: http-bio-8080-exec-1 | Source: DatabaseUtil.getConnection | Message: Database connection established
2024-07-30 01:05:57 | Level: INFO  | Thread: http-bio-8080-exec-1 | Source: EmployeeDAOImpl.getEmployeeByUsernameAndPassword | Message: Employee retrieved: dto.EmployeeDTO@42181a6c
2024-07-30 01:05:57 | Level: INFO  | Thread: http-bio-8080-exec-1 | Source: LoginServlet.doPost | Message: Employee logged in: ABCA
2024-07-30 01:07:58 | Level: INFO  | Thread: http-bio-8080-exec-3 | Source: DatabaseUtil.<init> | Message: Database connection established
2024-07-30 01:07:58 | Level: INFO  | Thread: http-bio-8080-exec-3 | Source: EmployeeDAOImpl.getEmployeeByUsernameAndPassword | Message: Employee retrieved: dto.EmployeeDTO@6640a261
2024-07-30 01:07:58 | Level: INFO  | Thread: http-bio-8080-exec-3 | Source: LoginServlet.doPost | Message: Employee logged in: ABCA
2024-07-30 01:14:58 | Level: INFO  | Thread: http-bio-8080-exec-5 | Source: DatabaseUtil.<init> | Message: Database connection established
2024-07-30 01:14:58 | Level: INFO  | Thread: http-bio-8080-exec-5 | Source: EmployeeDAOImpl.getEmployeeByUsernameAndPassword | Message: Employee retrieved: dto.EmployeeDTO@2301fa32
2024-07-30 01:14:58 | Level: INFO  | Thread: http-bio-8080-exec-5 | Source: LoginServlet.doPost | Message: Employee logged in: ABCA
2024-07-30 01:27:38 | Level: INFO  | Thread: http-bio-8080-exec-5 | Source: DatabaseUtil.getConnection | Message: Database connection established
2024-07-30 01:27:38 | Level: INFO  | Thread: http-bio-8080-exec-5 | Source: EmployeeDAOImpl.getEmployeeByUsernameAndPassword | Message: Employee retrieved: dto.EmployeeDTO@5cb1b5b
2024-07-30 01:27:38 | Level: INFO  | Thread: http-bio-8080-exec-5 | Source: LoginServlet.doPost | Message: Employee logged in: ABCA
2024-07-30 01:32:03 | Level: INFO  | Thread: http-bio-8080-exec-1 | Source: DatabaseUtil.getConnection | Message: Database connection established
2024-07-30 01:32:03 | Level: WARN  | Thread: http-bio-8080-exec-1 | Source: LoginServlet.doPost | Message: Invalid login attempt: Test111111
2024-07-30 01:32:11 | Level: INFO  | Thread: http-bio-8080-exec-1 | Source: DatabaseUtil.getConnection | Message: Database connection established
2024-07-30 01:32:11 | Level: WARN  | Thread: http-bio-8080-exec-1 | Source: LoginServlet.doPost | Message: Invalid login attempt: ABCA
2024-07-30 01:32:23 | Level: INFO  | Thread: http-bio-8080-exec-1 | Source: DatabaseUtil.getConnection | Message: Database connection established
2024-07-30 01:32:23 | Level: WARN  | Thread: http-bio-8080-exec-1 | Source: LoginServlet.doPost | Message: Invalid login attempt: ABCA
2024-07-30 01:33:02 | Level: INFO  | Thread: http-bio-8080-exec-10 | Source: DatabaseUtil.getConnection | Message: Database connection established
2024-07-30 01:33:02 | Level: INFO  | Thread: http-bio-8080-exec-10 | Source: EmployeeDAOImpl.getEmployeeByUsernameAndPassword | Message: Employee retrieved: dto.EmployeeDTO@7680d4c7
2024-07-30 01:33:02 | Level: INFO  | Thread: http-bio-8080-exec-10 | Source: LoginServlet.doPost | Message: Employee logged in: ABCA
2024-07-30 01:33:42 | Level: INFO  | Thread: http-bio-8080-exec-4 | Source: DatabaseUtil.<init> | Message: Database connection established
2024-07-30 01:33:42 | Level: INFO  | Thread: http-bio-8080-exec-4 | Source: EmployeeDAOImpl.getEmployeeByUsernameAndPassword | Message: Employee retrieved: dto.EmployeeDTO@2f437587
2024-07-30 01:33:42 | Level: INFO  | Thread: http-bio-8080-exec-4 | Source: LoginServlet.doPost | Message: Employee logged in: ABCA
2024-07-30 01:34:51 | Level: INFO  | Thread: http-bio-8080-exec-10 | Source: DatabaseUtil.getConnection | Message: Database connection established
2024-07-30 01:34:51 | Level: INFO  | Thread: http-bio-8080-exec-10 | Source: EmployeeDAOImpl.getEmployeeByUsernameAndPassword | Message: Employee retrieved: dto.EmployeeDTO@74b80e36
2024-07-30 01:34:51 | Level: INFO  | Thread: http-bio-8080-exec-10 | Source: LoginServlet.doPost | Message: Employee logged in: ABCA
2024-07-30 01:36:33 | Level: INFO  | Thread: http-bio-8080-exec-5 | Source: DatabaseUtil.getConnection | Message: Database connection established
2024-07-30 01:36:33 | Level: INFO  | Thread: http-bio-8080-exec-5 | Source: EmployeeDAOImpl.getEmployeeByUsernameAndPassword | Message: Employee retrieved: dto.EmployeeDTO@6354bf17
2024-07-30 01:36:33 | Level: INFO  | Thread: http-bio-8080-exec-5 | Source: LoginServlet.doPost | Message: Employee logged in: ABCA
2024-07-30 01:43:37 | Level: INFO  | Thread: http-bio-8080-exec-7 | Source: DatabaseUtil.getConnection | Message: Database connection established
2024-07-30 01:43:37 | Level: INFO  | Thread: http-bio-8080-exec-7 | Source: EmployeeDAOImpl.getEmployeeByUsernameAndPassword | Message: Employee retrieved: dto.EmployeeDTO@7dcb9967
2024-07-30 01:43:37 | Level: INFO  | Thread: http-bio-8080-exec-7 | Source: LoginServlet.doPost | Message: Employee logged in: ABCA
2024-07-30 01:54:45 | Level: INFO  | Thread: http-bio-8080-exec-4 | Source: DatabaseUtil.getConnection | Message: Database connection established
2024-07-30 01:54:45 | Level: INFO  | Thread: http-bio-8080-exec-4 | Source: EmployeeDAOImpl.getEmployeeByUsernameAndPassword | Message: Employee retrieved: dto.EmployeeDTO@668f51f7
2024-07-30 01:54:45 | Level: INFO  | Thread: http-bio-8080-exec-4 | Source: LoginServlet.doPost | Message: Employee logged in: ABCA
2024-07-30 01:58:39 | Level: INFO  | Thread: http-bio-8080-exec-3 | Source: DatabaseUtil.<init> | Message: Database connection established
2024-07-30 01:58:39 | Level: INFO  | Thread: http-bio-8080-exec-3 | Source: EmployeeDAOImpl.getEmployeeByUsernameAndPassword | Message: Employee retrieved: dto.EmployeeDTO@218471d
2024-07-30 01:58:39 | Level: INFO  | Thread: http-bio-8080-exec-3 | Source: LoginServlet.doPost | Message: Employee logged in: ABCA
2024-07-30 02:02:49 | Level: INFO  | Thread: http-bio-8080-exec-1 | Source: DatabaseUtil.getConnection | Message: Database connection established
2024-07-30 02:02:49 | Level: INFO  | Thread: http-bio-8080-exec-1 | Source: EmployeeDAOImpl.getEmployeeByUsernameAndPassword | Message: Employee retrieved: dto.EmployeeDTO@4677e4dc
2024-07-30 02:02:49 | Level: INFO  | Thread: http-bio-8080-exec-1 | Source: LoginServlet.doPost | Message: Employee logged in: ABCA
2024-08-06 14:03:23 | Level: INFO  | Thread: http-bio-8080-exec-7 | Source: DatabaseUtil.<init> | Message: Database connection established
2024-08-06 14:03:23 | Level: INFO  | Thread: http-bio-8080-exec-7 | Source: EmployeeDAOImpl.getEmployeeByUsernameAndPassword | Message: Employee retrieved: dto.EmployeeDTO@17cecdb3
2024-08-06 14:03:23 | Level: INFO  | Thread: http-bio-8080-exec-7 | Source: LoginServlet.doPost | Message: Employee logged in: ABCA
2024-08-06 14:04:06 | Level: INFO  | Thread: http-bio-8080-exec-1 | Source: LogoutServlet.doPost | Message: Employee logged out: ABCA
2024-08-06 14:04:21 | Level: INFO  | Thread: http-bio-8080-exec-1 | Source: DatabaseUtil.getConnection | Message: Database connection established
2024-08-06 14:04:21 | Level: WARN  | Thread: http-bio-8080-exec-1 | Source: LoginServlet.doPost | Message: Invalid login attempt: Test111111
2024-08-06 14:05:18 | Level: INFO  | Thread: http-bio-8080-exec-7 | Source: DatabaseUtil.getConnection | Message: Database connection established
2024-08-06 14:05:18 | Level: INFO  | Thread: http-bio-8080-exec-7 | Source: EmployeeDAOImpl.getEmployeeByUsernameAndPassword | Message: Employee retrieved: dto.EmployeeDTO@9f366d5
2024-08-06 14:05:18 | Level: INFO  | Thread: http-bio-8080-exec-7 | Source: LoginServlet.doPost | Message: Employee logged in: employee
2024-08-06 14:05:59 | Level: INFO  | Thread: http-bio-8080-exec-2 | Source: LogoutServlet.doPost | Message: Employee logged out: employee
2024-08-06 14:06:02 | Level: INFO  | Thread: http-bio-8080-exec-2 | Source: DatabaseUtil.getConnection | Message: Database connection established
2024-08-06 14:06:02 | Level: INFO  | Thread: http-bio-8080-exec-2 | Source: EmployeeDAOImpl.getEmployeeByUsernameAndPassword | Message: Employee retrieved: dto.EmployeeDTO@66869ca
2024-08-06 14:06:02 | Level: INFO  | Thread: http-bio-8080-exec-2 | Source: LoginServlet.doPost | Message: Employee logged in: ABCA
